2026-03-01 15:02:33,359 - INFO: Logs are being saved to /u/almik/feb25/pipeline/detailed_logs/20260301_150233/pipeline_run.log
2026-03-01 15:02:33,359 - INFO: Detailed visualizations and data will be saved to /u/almik/feb25/pipeline/detailed_logs/20260301_150233
2026-03-01 15:02:33,361 - INFO: === PIPELINE CONFIG ===
2026-03-01 15:02:33,361 - INFO: {
  "paths": {
    "data_root": "/nexus/posix0/MBR-neuralsystems/alim/regdata/ThoraxCBCT/ThoraxCBCT",
    "dataset_json": "/nexus/posix0/MBR-neuralsystems/alim/regdata/ThoraxCBCT/ThoraxCBCT/ThoraxCBCT_dataset.json",
    "dinov3_repo": "/u/almik/feb25/dinov3",
    "matcha_repo": "/u/almik/feb25/matcha",
    "dinov3_weights": "/u/almik/feb25/dino_weights",
    "matcha_weights": "/u/almik/feb25/matcha/weights/matcha_pretrained.pth",
    "output_dir": "/u/almik/feb25/pipeline/output",
    "feature_cache_dir": "/u/almik/feb25/pipeline/output/feature_cache"
  },
  "features": {
    "backend": "dinov3",
    "dinov3_model": "vitb16",
    "patch_size": 16,
    "embed_dim": 768,
    "slice_context": 1,
    "fusion_method": "concat_norm",
    "pca_dim": 256,
    "slice_batch_size": 4,
    "use_cache": false
  },
  "sampling": {
    "n_points_coarse": 1500,
    "n_points_medium": 4000,
    "n_points_fine": 10000,
    "n_points_ot": 2000,
    "z_stratified": true,
    "include_keypoints": true,
    "n_keypoint_anchors": 2000
  },
  "gwot": {
    "local_radius": 12.0,
    "lambda_gw": 0.5,
    "lambda_prior": 0.2,
    "epsilon": 0.05,
    "lambda_mass": 0.0,
    "max_iter": 100,
    "mutual_filter": true,
    "confidence_threshold": 0.01
  },
  "fitting": {
    "grid_spacings": [
      10.0,
      6.0,
      3.0
    ],
    "lambda_smooth": 1.0,
    "lambda_jac": 0.1,
    "optimizer": "adam",
    "lr": 0.001,
    "n_iters_per_level": 200,
    "n_squaring_steps": 7,
    "n_outer_iters": 3,
    "intensity_refine": true
  },
  "matcher": {
    "method": "nn"
  },
  "device": "cuda"
}
2026-03-01 15:02:33,361 - INFO: Dataset: ThoraxCBCTDataset(split=train, n_pairs=22)
2026-03-01 15:02:33,362 - INFO: ==> Starting [ create_feature_extractor ]
2026-03-01 15:02:34,250 - INFO: using base=100 for rope new
2026-03-01 15:02:34,250 - INFO: using min_period=None for rope new
2026-03-01 15:02:34,250 - INFO: using max_period=None for rope new
2026-03-01 15:02:34,250 - INFO: using normalize_coords=separate for rope new
2026-03-01 15:02:34,250 - INFO: using shift_coords=None for rope new
2026-03-01 15:02:34,250 - INFO: using rescale_coords=2 for rope new
2026-03-01 15:02:34,250 - INFO: using jitter_coords=None for rope new
2026-03-01 15:02:34,250 - INFO: using dtype=fp32 for rope new
2026-03-01 15:02:34,251 - INFO: using mlp layer as FFN
2026-03-01 15:02:35,008 - INFO: Converting HuggingFace weights to native DINOv3 format...
2026-03-01 15:02:35,048 - INFO: DINOv3 weights loaded successfully.
2026-03-01 15:02:38,016 - INFO: <== Finished [ create_feature_extractor ] in 4.65s
2026-03-01 15:02:38,016 - INFO: ==> Starting [ run_pair ]
2026-03-01 15:02:38,016 - INFO: 
============================================================
2026-03-01 15:02:38,017 - INFO: Processing pair 0: ThoraxCBCT_0000_0000 → ThoraxCBCT_0000_0001
2026-03-01 15:02:39,324 - INFO: Initial TRE: 10.264 mm
2026-03-01 15:02:40,673 - INFO: Trunk mask computed (CT-air border): coverage=0.883
2026-03-01 15:02:41,936 - INFO: Trunk mask computed (CT-air border): coverage=0.815
2026-03-01 15:02:42,019 - INFO: Dataset stats [Fixed]:  shape=(390, 280, 300), min=-2405.7, max=1350.5, mean=-218.0, std=424.1
2026-03-01 15:02:42,082 - INFO: Dataset stats [Moving]: shape=(390, 280, 300), min=-1000.0, max=2548.7, mean=-247.1, std=406.0
2026-03-01 15:02:42,097 - INFO: Mask stats [Fixed]: sum=28914408, approx volume=88.3%
2026-03-01 15:02:42,113 - INFO: Mask stats [Moving]: sum=26693638, approx volume=81.5%
2026-03-01 15:02:44,702 - INFO:   [viz] saved /u/almik/feb25/pipeline/detailed_logs/20260301_150233/pair_00/00_input.png
2026-03-01 15:02:45,684 - INFO:   [viz] saved /u/almik/feb25/pipeline/detailed_logs/20260301_150233/pair_00/00_preprocessing.png
2026-03-01 15:02:45,685 - INFO: 
Method: dinov3 + nn + SVF
2026-03-01 15:02:45,685 - INFO: Stage 1: Feature extraction...
2026-03-01 15:02:45,685 - INFO: ==> Starting [ get_features ]
2026-03-01 15:02:45,694 - INFO:     arg1.shape: (390, 280, 300), min: -2405.74658203125, max: 1350.4561767578125
2026-03-01 15:02:45,702 - INFO:     kwarg mask.shape: (390, 280, 300)
2026-03-01 15:02:46,432 - INFO: Original volume: (390, 280, 300)
2026-03-01 15:02:46,439 - INFO: Downsampled to: (195, 140, 150) (factor=2)
2026-03-01 15:02:46,439 - INFO:   axial: 195 slices...
2026-03-01 15:02:46,519 - INFO:     Resizing slices 140×150 → 448×480 (→ 28×30 patches)
2026-03-01 15:02:57,909 - INFO:     slice 0/195
2026-03-01 15:02:58,210 - INFO:     slice 80/195
2026-03-01 15:02:58,512 - INFO:     slice 160/195
2026-03-01 15:02:58,736 - INFO:   coronal: 140 slices...
2026-03-01 15:02:58,822 - INFO:     Resizing slices 195×150 → 592×448 (→ 37×28 patches)
2026-03-01 15:02:58,855 - INFO:     slice 0/140
2026-03-01 15:02:59,247 - INFO:     slice 80/140
2026-03-01 15:02:59,609 - INFO:   sagittal: 150 slices...
2026-03-01 15:02:59,683 - INFO:     Resizing slices 195×140 → 624×448 (→ 39×28 patches)
2026-03-01 15:02:59,727 - INFO:     slice 0/150
2026-03-01 15:03:00,155 - INFO:     slice 80/150
2026-03-01 15:03:00,607 - INFO:   Unified feature grid: (195, 28, 30)
2026-03-01 15:03:00,641 - INFO:   axial → (768, 195, 28, 30)
2026-03-01 15:03:00,673 - INFO:   coronal → (768, 195, 28, 30)
2026-03-01 15:03:00,713 - INFO:   sagittal → (768, 195, 28, 30)
2026-03-01 15:03:01,020 - INFO: Concatenated: (2304, 195, 28, 30)
2026-03-01 15:03:02,225 - INFO: Final fused: (2304, 195, 28, 30) (memory: 1510 MB)
2026-03-01 15:03:02,357 - INFO: <== Finished [ get_features ] in 16.67s
2026-03-01 15:03:02,357 - INFO:     Output tuple shapes: [(2304, 195, 28, 30), <class 'tuple'>, <class 'tuple'>, (3,)]
2026-03-01 15:03:02,357 - INFO: ==> Starting [ get_features ]
2026-03-01 15:03:02,368 - INFO:     arg1.shape: (390, 280, 300), min: -1000.0, max: 2548.7490234375
2026-03-01 15:03:02,378 - INFO:     kwarg mask.shape: (390, 280, 300)
2026-03-01 15:03:03,083 - INFO: Original volume: (390, 280, 300)
2026-03-01 15:03:03,091 - INFO: Downsampled to: (195, 140, 150) (factor=2)
2026-03-01 15:03:03,091 - INFO:   axial: 195 slices...
2026-03-01 15:03:03,155 - INFO:     Resizing slices 140×150 → 448×480 (→ 28×30 patches)
2026-03-01 15:03:03,173 - INFO:     slice 0/195
2026-03-01 15:03:03,473 - INFO:     slice 80/195
2026-03-01 15:03:03,772 - INFO:     slice 160/195
2026-03-01 15:03:03,984 - INFO:   coronal: 140 slices...
2026-03-01 15:03:04,046 - INFO:     Resizing slices 195×150 → 592×448 (→ 37×28 patches)
2026-03-01 15:03:04,068 - INFO:     slice 0/140
2026-03-01 15:03:04,461 - INFO:     slice 80/140
2026-03-01 15:03:04,824 - INFO:   sagittal: 150 slices...
2026-03-01 15:03:04,918 - INFO:     Resizing slices 195×140 → 624×448 (→ 39×28 patches)
2026-03-01 15:03:04,942 - INFO:     slice 0/150
2026-03-01 15:03:05,380 - INFO:     slice 80/150
2026-03-01 15:03:05,837 - INFO:   Unified feature grid: (195, 28, 30)
2026-03-01 15:03:05,870 - INFO:   axial → (768, 195, 28, 30)
2026-03-01 15:03:05,903 - INFO:   coronal → (768, 195, 28, 30)
2026-03-01 15:03:05,943 - INFO:   sagittal → (768, 195, 28, 30)
2026-03-01 15:03:06,250 - INFO: Concatenated: (2304, 195, 28, 30)
2026-03-01 15:03:07,453 - INFO: Final fused: (2304, 195, 28, 30) (memory: 1510 MB)
2026-03-01 15:03:07,584 - INFO: <== Finished [ get_features ] in 5.23s
2026-03-01 15:03:07,584 - INFO:     Output tuple shapes: [(2304, 195, 28, 30), <class 'tuple'>, <class 'tuple'>, (3,)]
2026-03-01 15:03:08,302 - INFO: Feature Map stats [Fixed]:  min=-0.465, max=0.455, mean=0.000, std=0.021
2026-03-01 15:03:09,025 - INFO: Feature Map stats [Moving]: min=-0.444, max=0.414, mean=-0.000, std=0.021
2026-03-01 15:03:14,009 - INFO:   [viz] saved /u/almik/feb25/pipeline/detailed_logs/20260301_150233/pair_00/01_features.png
2026-03-01 15:03:14,010 - INFO: Outer loop: 3 iteration(s) of match+fit
2026-03-01 15:03:14,010 - INFO: 
Outer iter 1/3: 1500 pts, matcher=nn
2026-03-01 15:03:14,010 - INFO: ==> Starting [ run_matching_stage ]
2026-03-01 15:03:14,123 - INFO:     arg1.shape: (2304, 195, 28, 30), min: -0.4645644724369049, max: 0.45502087473869324
2026-03-01 15:03:14,397 - INFO:     arg2.shape: (2304, 195, 28, 30), min: -0.44376513361930847, max: 0.41401225328445435
2026-03-01 15:03:14,561 - INFO:     arg7.shape: (390, 280, 300), min: 0, max: 1
2026-03-01 15:03:14,568 - INFO:     arg8.shape: (390, 280, 300), min: 0, max: 1
2026-03-01 15:03:14,581 - INFO:     arg9.shape: (390, 280, 300), min: -2405.74658203125, max: 1350.4561767578125
2026-03-01 15:03:14,600 - INFO:     arg10.shape: (390, 280, 300), min: -1000.0, max: 2548.7490234375
2026-03-01 15:03:14,610 - INFO:     arg13.shape: (3,), min: 0, max: 0
2026-03-01 15:03:14,610 - INFO:     arg14.shape: (3,), min: 0, max: 0
2026-03-01 15:03:14,610 - INFO:     kwarg fixed_keypoints.shape: (30896, 3)
2026-03-01 15:03:14,610 - INFO:     kwarg moving_keypoints.shape: (30896, 3)
2026-03-01 15:03:14,610 - INFO:   [iter1] Sampling 1500 points...
2026-03-01 15:03:14,610 - INFO: ==> Starting [ sample_and_describe ]
2026-03-01 15:03:14,718 - INFO:     arg0.shape: (2304, 195, 28, 30), min: -0.4645644724369049, max: 0.45502087473869324
2026-03-01 15:03:14,882 - INFO:     arg3.shape: (390, 280, 300), min: 0, max: 1
2026-03-01 15:03:14,886 - INFO:     arg6.shape: (3,), min: 0, max: 0
2026-03-01 15:03:14,886 - INFO:     kwarg keypoints.shape: (30896, 3)
2026-03-01 15:03:15,341 - INFO:     Added 2000 keypoint anchors → 3500 total points
2026-03-01 15:03:15,342 - INFO: ==> Starting [ voxel_to_feature_coords ]
2026-03-01 15:03:15,342 - INFO:     arg0.shape: (3500, 3), min: 0.0, max: 389.0
2026-03-01 15:03:15,342 - INFO: <== Finished [ voxel_to_feature_coords ] in 0.00s
2026-03-01 15:03:15,342 - INFO:     Output shape: (3500, 3)
2026-03-01 15:03:15,401 - INFO: <== Finished [ sample_and_describe ] in 0.79s
2026-03-01 15:03:15,401 - INFO:     Output tuple shapes: [(3500, 3), (3500, 2304)]
2026-03-01 15:03:15,402 - INFO: ==> Starting [ sample_and_describe ]
2026-03-01 15:03:15,504 - INFO:     arg0.shape: (2304, 195, 28, 30), min: -0.44376513361930847, max: 0.41401225328445435
2026-03-01 15:03:15,662 - INFO:     arg3.shape: (390, 280, 300), min: 0, max: 1
2026-03-01 15:03:15,665 - INFO:     arg6.shape: (3,), min: 0, max: 0
2026-03-01 15:03:15,665 - INFO:     kwarg keypoints.shape: (30896, 3)
2026-03-01 15:03:16,088 - INFO:     Added 2000 keypoint anchors → 3498 total points
2026-03-01 15:03:16,088 - INFO: ==> Starting [ voxel_to_feature_coords ]
2026-03-01 15:03:16,088 - INFO:     arg0.shape: (3498, 3), min: 0.0, max: 389.003
2026-03-01 15:03:16,088 - INFO: <== Finished [ voxel_to_feature_coords ] in 0.00s
2026-03-01 15:03:16,088 - INFO:     Output shape: (3498, 3)
2026-03-01 15:03:16,139 - INFO: <== Finished [ sample_and_describe ] in 0.74s
2026-03-01 15:03:16,140 - INFO:     Output tuple shapes: [(3498, 3), (3498, 2304)]
2026-03-01 15:03:17,075 - INFO:   [viz] saved /u/almik/feb25/pipeline/detailed_logs/20260301_150233/pair_00/01_sampled_points_iter1.png
2026-03-01 15:03:17,078 - INFO:   [iter1] Cosine sim (sample): mean=0.277, std=0.255, max=0.913
2026-03-01 15:03:17,078 - INFO:   [iter1] Matching (nn)...
2026-03-01 15:03:17,281 - INFO:   NN matching: 50/3498 matches (mutual: 812, ratio_ok: 84, sim>0.65: 2676)
2026-03-01 15:03:17,285 - INFO:   [iter1] Matches: 42 / 50
2026-03-01 15:03:17,286 - INFO:   [iter1] Match distances (filtered): min=1.72, max=39.75, mean=22.66, std=11.18
2026-03-01 15:03:17,286 - INFO: <== Finished [ run_matching_stage ] in 3.28s
2026-03-01 15:03:17,291 - INFO: Level 1/3: grid_spacing=10.0, iters=200
2026-03-01 15:03:26,065 - INFO:   iter 50/200: loss=267.8564 (corr=267.8564, smooth=0.0000, jac=0.0000)
2026-03-01 15:03:34,629 - INFO:   iter 100/200: loss=260.1417 (corr=260.1417, smooth=0.0000, jac=0.0000)
2026-03-01 15:03:43,147 - INFO:   iter 150/200: loss=256.5523 (corr=256.5523, smooth=0.0000, jac=0.0000)
2026-03-01 15:03:51,650 - INFO:   iter 200/200: loss=255.8644 (corr=255.8644, smooth=0.0000, jac=0.0000)
2026-03-01 15:03:51,651 - INFO:   Mean correspondence error: 21.264 voxels
2026-03-01 15:03:51,651 - INFO: Level 2/3: grid_spacing=6.0, iters=200
2026-03-01 15:03:59,460 - INFO:   iter 50/200: loss=187.1317 (corr=187.1317, smooth=0.0000, jac=0.0000)
2026-03-01 15:04:07,277 - INFO:   iter 100/200: loss=184.1349 (corr=184.1349, smooth=0.0000, jac=0.0000)
2026-03-01 15:04:15,085 - INFO:   iter 150/200: loss=182.7244 (corr=182.7244, smooth=0.0000, jac=0.0000)
2026-03-01 15:04:22,902 - INFO:   iter 200/200: loss=182.4532 (corr=182.4532, smooth=0.0000, jac=0.0000)
2026-03-01 15:04:22,907 - INFO:   Mean correspondence error: 20.454 voxels
2026-03-01 15:04:22,907 - INFO: Level 3/3: grid_spacing=3.0, iters=200
2026-03-01 15:04:30,055 - INFO:   iter 50/200: loss=158.8708 (corr=158.8708, smooth=0.0000, jac=0.0000)
2026-03-01 15:04:37,218 - INFO:   iter 100/200: loss=157.6171 (corr=157.6171, smooth=0.0000, jac=0.0000)
2026-03-01 15:04:44,385 - INFO:   iter 150/200: loss=157.0230 (corr=157.0230, smooth=0.0000, jac=0.0000)
2026-03-01 15:04:51,553 - INFO:   iter 200/200: loss=156.9086 (corr=156.9086, smooth=0.0000, jac=0.0000)
2026-03-01 15:04:51,558 - INFO:   Mean correspondence error: 20.058 voxels
2026-03-01 15:04:51,565 - INFO:   Iter 1 displacement: max=2.3, mean=0.0
2026-03-01 15:04:51,565 - INFO: 
Outer iter 2/3: 4000 pts, matcher=nn
2026-03-01 15:04:51,565 - INFO: ==> Starting [ run_matching_stage ]
2026-03-01 15:04:51,670 - INFO:     arg1.shape: (2304, 195, 28, 30), min: -0.4645644724369049, max: 0.45502087473869324
2026-03-01 15:04:51,929 - INFO:     arg2.shape: (2304, 195, 28, 30), min: -0.44376513361930847, max: 0.41401225328445435
2026-03-01 15:04:52,084 - INFO:     arg7.shape: (390, 280, 300), min: 0, max: 1
2026-03-01 15:04:52,091 - INFO:     arg8.shape: (390, 280, 300), min: 0, max: 1
2026-03-01 15:04:52,103 - INFO:     arg9.shape: (390, 280, 300), min: -2405.74658203125, max: 1350.4561767578125
2026-03-01 15:04:52,122 - INFO:     arg10.shape: (390, 280, 300), min: -1000.0, max: 2548.7490234375
2026-03-01 15:04:52,131 - INFO:     arg13.shape: (3,), min: 0, max: 0
2026-03-01 15:04:52,131 - INFO:     arg14.shape: (3,), min: 0, max: 0
2026-03-01 15:04:52,132 - INFO:     kwarg displacement.shape: torch.Size([1, 3, 390, 280, 300])
2026-03-01 15:04:52,132 - INFO:     kwarg fixed_keypoints.shape: (30896, 3)
2026-03-01 15:04:52,132 - INFO:     kwarg moving_keypoints.shape: (30896, 3)
2026-03-01 15:04:52,132 - INFO:   [iter2] Sampling 4000 points...
2026-03-01 15:04:52,132 - INFO: ==> Starting [ sample_and_describe ]
2026-03-01 15:04:52,232 - INFO:     arg0.shape: (2304, 195, 28, 30), min: -0.4645644724369049, max: 0.45502087473869324
2026-03-01 15:04:52,390 - INFO:     arg3.shape: (390, 280, 300), min: 0, max: 1
2026-03-01 15:04:52,393 - INFO:     arg6.shape: (3,), min: 0, max: 0
2026-03-01 15:04:52,393 - INFO:     kwarg keypoints.shape: (30896, 3)
2026-03-01 15:04:52,846 - INFO:     Added 2000 keypoint anchors → 6000 total points
2026-03-01 15:04:52,846 - INFO: ==> Starting [ voxel_to_feature_coords ]
2026-03-01 15:04:52,846 - INFO:     arg0.shape: (6000, 3), min: 0.0, max: 389.0
2026-03-01 15:04:52,846 - INFO: <== Finished [ voxel_to_feature_coords ] in 0.00s
2026-03-01 15:04:52,846 - INFO:     Output shape: (6000, 3)
2026-03-01 15:04:52,898 - INFO: <== Finished [ sample_and_describe ] in 0.77s
2026-03-01 15:04:52,898 - INFO:     Output tuple shapes: [(6000, 3), (6000, 2304)]
2026-03-01 15:04:52,899 - INFO: ==> Starting [ sample_and_describe ]
2026-03-01 15:04:52,999 - INFO:     arg0.shape: (2304, 195, 28, 30), min: -0.44376513361930847, max: 0.41401225328445435
2026-03-01 15:04:53,156 - INFO:     arg3.shape: (390, 280, 300), min: 0, max: 1
2026-03-01 15:04:53,160 - INFO:     arg6.shape: (3,), min: 0, max: 0
2026-03-01 15:04:53,160 - INFO:     kwarg keypoints.shape: (30896, 3)
2026-03-01 15:04:53,583 - INFO:     Added 2000 keypoint anchors → 5998 total points
2026-03-01 15:04:53,583 - INFO: ==> Starting [ voxel_to_feature_coords ]
2026-03-01 15:04:53,583 - INFO:     arg0.shape: (5998, 3), min: 0.0, max: 389.003
2026-03-01 15:04:53,583 - INFO: <== Finished [ voxel_to_feature_coords ] in 0.00s
2026-03-01 15:04:53,583 - INFO:     Output shape: (5998, 3)
2026-03-01 15:04:53,633 - INFO: <== Finished [ sample_and_describe ] in 0.73s
2026-03-01 15:04:53,633 - INFO:     Output tuple shapes: [(5998, 3), (5998, 2304)]
2026-03-01 15:04:53,634 - INFO:   [iter2] Warped fixed points with current displacement
2026-03-01 15:04:54,287 - INFO:   [viz] saved /u/almik/feb25/pipeline/detailed_logs/20260301_150233/pair_00/01_sampled_points_iter2.png
2026-03-01 15:04:54,290 - INFO:   [iter2] Cosine sim (sample): mean=0.267, std=0.261, max=0.916
2026-03-01 15:04:54,290 - INFO:   [iter2] Matching (nn)...
2026-03-01 15:04:54,860 - INFO:   NN matching: 35/5998 matches (mutual: 1256, ratio_ok: 69, sim>0.65: 4783)
2026-03-01 15:04:54,882 - INFO:   [iter2] Matches: 29 / 35
2026-03-01 15:04:54,883 - INFO:   [iter2] Match distances (filtered): min=1.41, max=39.94, mean=24.19, std=12.27
2026-03-01 15:04:54,883 - INFO: <== Finished [ run_matching_stage ] in 3.32s
2026-03-01 15:04:54,884 - INFO: Level 1/3: grid_spacing=10.0, iters=200
2026-03-01 15:05:03,487 - INFO:   iter 50/200: loss=302.0031 (corr=302.0031, smooth=0.0000, jac=0.0000)
2026-03-01 15:05:12,028 - INFO:   iter 100/200: loss=294.7724 (corr=294.7724, smooth=0.0000, jac=0.0000)
2026-03-01 15:05:20,533 - INFO:   iter 150/200: loss=291.4088 (corr=291.4088, smooth=0.0000, jac=0.0000)
2026-03-01 15:05:29,021 - INFO:   iter 200/200: loss=290.7642 (corr=290.7642, smooth=0.0000, jac=0.0000)
2026-03-01 15:05:29,021 - INFO:   Mean correspondence error: 22.868 voxels
2026-03-01 15:05:29,022 - INFO: Level 2/3: grid_spacing=6.0, iters=200
2026-03-01 15:05:36,812 - INFO:   iter 50/200: loss=208.0514 (corr=208.0514, smooth=0.0000, jac=0.0000)
2026-03-01 15:05:44,598 - INFO:   iter 100/200: loss=205.2966 (corr=205.2966, smooth=0.0000, jac=0.0000)
2026-03-01 15:05:52,383 - INFO:   iter 150/200: loss=203.9998 (corr=203.9998, smooth=0.0000, jac=0.0000)
2026-03-01 15:06:00,162 - INFO:   iter 200/200: loss=203.7503 (corr=203.7503, smooth=0.0000, jac=0.0000)
2026-03-01 15:06:00,167 - INFO:   Mean correspondence error: 22.110 voxels
2026-03-01 15:06:00,167 - INFO: Level 3/3: grid_spacing=3.0, iters=200
2026-03-01 15:06:07,296 - INFO:   iter 50/200: loss=176.4976 (corr=176.4976, smooth=0.0000, jac=0.0000)
2026-03-01 15:06:14,437 - INFO:   iter 100/200: loss=175.3466 (corr=175.3466, smooth=0.0000, jac=0.0000)
2026-03-01 15:06:21,581 - INFO:   iter 150/200: loss=174.8019 (corr=174.8019, smooth=0.0000, jac=0.0000)
2026-03-01 15:06:28,727 - INFO:   iter 200/200: loss=174.6970 (corr=174.6970, smooth=0.0000, jac=0.0000)
2026-03-01 15:06:28,733 - INFO:   Mean correspondence error: 21.747 voxels
2026-03-01 15:06:28,734 - INFO:   Iter 2 displacement: max=2.4, mean=0.0
2026-03-01 15:06:28,734 - INFO: 
Outer iter 3/3: 10000 pts, matcher=nn
2026-03-01 15:06:28,734 - INFO: ==> Starting [ run_matching_stage ]
2026-03-01 15:06:28,839 - INFO:     arg1.shape: (2304, 195, 28, 30), min: -0.4645644724369049, max: 0.45502087473869324
2026-03-01 15:06:29,097 - INFO:     arg2.shape: (2304, 195, 28, 30), min: -0.44376513361930847, max: 0.41401225328445435
2026-03-01 15:06:29,253 - INFO:     arg7.shape: (390, 280, 300), min: 0, max: 1
2026-03-01 15:06:29,260 - INFO:     arg8.shape: (390, 280, 300), min: 0, max: 1
2026-03-01 15:06:29,273 - INFO:     arg9.shape: (390, 280, 300), min: -2405.74658203125, max: 1350.4561767578125
2026-03-01 15:06:29,291 - INFO:     arg10.shape: (390, 280, 300), min: -1000.0, max: 2548.7490234375
2026-03-01 15:06:29,300 - INFO:     arg13.shape: (3,), min: 0, max: 0
2026-03-01 15:06:29,301 - INFO:     arg14.shape: (3,), min: 0, max: 0
2026-03-01 15:06:29,301 - INFO:     kwarg displacement.shape: torch.Size([1, 3, 390, 280, 300])
2026-03-01 15:06:29,301 - INFO:     kwarg fixed_keypoints.shape: (30896, 3)
2026-03-01 15:06:29,301 - INFO:     kwarg moving_keypoints.shape: (30896, 3)
2026-03-01 15:06:29,301 - INFO:   [iter3] Sampling 10000 points...
2026-03-01 15:06:29,301 - INFO: ==> Starting [ sample_and_describe ]
2026-03-01 15:06:29,401 - INFO:     arg0.shape: (2304, 195, 28, 30), min: -0.4645644724369049, max: 0.45502087473869324
2026-03-01 15:06:29,558 - INFO:     arg3.shape: (390, 280, 300), min: 0, max: 1
2026-03-01 15:06:29,562 - INFO:     arg6.shape: (3,), min: 0, max: 0
2026-03-01 15:06:29,562 - INFO:     kwarg keypoints.shape: (30896, 3)
2026-03-01 15:06:30,017 - INFO:     Added 2000 keypoint anchors → 12000 total points
2026-03-01 15:06:30,017 - INFO: ==> Starting [ voxel_to_feature_coords ]
2026-03-01 15:06:30,017 - INFO:     arg0.shape: (12000, 3), min: 0.0, max: 389.0
2026-03-01 15:06:30,018 - INFO: <== Finished [ voxel_to_feature_coords ] in 0.00s
2026-03-01 15:06:30,018 - INFO:     Output shape: (12000, 3)
2026-03-01 15:06:30,119 - INFO: <== Finished [ sample_and_describe ] in 0.82s
2026-03-01 15:06:30,120 - INFO:     Output tuple shapes: [(12000, 3), (12000, 2304)]
2026-03-01 15:06:30,120 - INFO: ==> Starting [ sample_and_describe ]
2026-03-01 15:06:30,220 - INFO:     arg0.shape: (2304, 195, 28, 30), min: -0.44376513361930847, max: 0.41401225328445435
2026-03-01 15:06:30,379 - INFO:     arg3.shape: (390, 280, 300), min: 0, max: 1
2026-03-01 15:06:30,382 - INFO:     arg6.shape: (3,), min: 0, max: 0
2026-03-01 15:06:30,382 - INFO:     kwarg keypoints.shape: (30896, 3)
2026-03-01 15:06:30,807 - INFO:     Added 2000 keypoint anchors → 11996 total points
2026-03-01 15:06:30,808 - INFO: ==> Starting [ voxel_to_feature_coords ]
2026-03-01 15:06:30,808 - INFO:     arg0.shape: (11996, 3), min: 0.0, max: 389.003
2026-03-01 15:06:30,808 - INFO: <== Finished [ voxel_to_feature_coords ] in 0.00s
2026-03-01 15:06:30,808 - INFO:     Output shape: (11996, 3)
2026-03-01 15:06:30,905 - INFO: <== Finished [ sample_and_describe ] in 0.78s
2026-03-01 15:06:30,905 - INFO:     Output tuple shapes: [(11996, 3), (11996, 2304)]
2026-03-01 15:06:30,906 - INFO:   [iter3] Warped fixed points with current displacement
2026-03-01 15:06:31,558 - INFO:   [viz] saved /u/almik/feb25/pipeline/detailed_logs/20260301_150233/pair_00/01_sampled_points_iter3.png
2026-03-01 15:06:31,561 - INFO:   [iter3] Cosine sim (sample): mean=0.290, std=0.261, max=0.912
2026-03-01 15:06:31,561 - INFO:   [iter3] Matching (nn)...
2026-03-01 15:06:34,101 - INFO:   NN matching: 20/11996 matches (mutual: 2061, ratio_ok: 41, sim>0.65: 9945)
2026-03-01 15:06:34,191 - INFO:   [iter3] Matches: 19 / 20
2026-03-01 15:06:34,191 - INFO:   [iter3] Match distances (filtered): min=1.72, max=39.06, mean=21.36, std=11.21
2026-03-01 15:06:34,234 - INFO: <== Finished [ run_matching_stage ] in 5.50s
2026-03-01 15:06:34,235 - INFO: Level 1/3: grid_spacing=10.0, iters=200
2026-03-01 15:06:42,848 - INFO:   iter 50/200: loss=249.6244 (corr=249.6244, smooth=0.0000, jac=0.0000)
2026-03-01 15:06:51,431 - INFO:   iter 100/200: loss=242.9132 (corr=242.9132, smooth=0.0000, jac=0.0000)
2026-03-01 15:06:59,995 - INFO:   iter 150/200: loss=239.8087 (corr=239.8087, smooth=0.0000, jac=0.0000)
2026-03-01 15:07:08,553 - INFO:   iter 200/200: loss=239.2152 (corr=239.2152, smooth=0.0000, jac=0.0000)
2026-03-01 15:07:08,554 - INFO:   Mean correspondence error: 20.067 voxels
2026-03-01 15:07:08,554 - INFO: Level 2/3: grid_spacing=6.0, iters=200
2026-03-01 15:07:16,335 - INFO:   iter 50/200: loss=175.4977 (corr=175.4977, smooth=0.0000, jac=0.0000)
2026-03-01 15:07:24,126 - INFO:   iter 100/200: loss=172.8583 (corr=172.8583, smooth=0.0000, jac=0.0000)
2026-03-01 15:07:31,911 - INFO:   iter 150/200: loss=171.6223 (corr=171.6223, smooth=0.0000, jac=0.0000)
2026-03-01 15:07:39,690 - INFO:   iter 200/200: loss=171.3848 (corr=171.3848, smooth=0.0000, jac=0.0000)
2026-03-01 15:07:39,695 - INFO:   Mean correspondence error: 19.325 voxels
2026-03-01 15:07:39,695 - INFO: Level 3/3: grid_spacing=3.0, iters=200
2026-03-01 15:07:46,823 - INFO:   iter 50/200: loss=149.4901 (corr=149.4901, smooth=0.0000, jac=0.0000)
2026-03-01 15:07:53,960 - INFO:   iter 100/200: loss=148.3725 (corr=148.3725, smooth=0.0000, jac=0.0000)
2026-03-01 15:08:01,097 - INFO:   iter 150/200: loss=147.8444 (corr=147.8444, smooth=0.0000, jac=0.0000)
2026-03-01 15:08:08,236 - INFO:   iter 200/200: loss=147.7428 (corr=147.7428, smooth=0.0000, jac=0.0000)
2026-03-01 15:08:08,241 - INFO:   Mean correspondence error: 18.969 voxels
2026-03-01 15:08:08,242 - INFO:   Iter 3 displacement: max=2.3, mean=0.0
2026-03-01 15:08:08,243 - INFO:   Displacement: max=2.3, mean=0.0
2026-03-01 15:08:08,677 - INFO:   [viz] saved /u/almik/feb25/pipeline/detailed_logs/20260301_150233/pair_00/02_matches.png
2026-03-01 15:08:09,500 - INFO:   [viz] saved /u/almik/feb25/pipeline/detailed_logs/20260301_150233/pair_00/03_displacement.png
2026-03-01 15:08:09,632 - INFO: 
  === EVALUATION (DINO-Reg convention) ===
2026-03-01 15:08:09,633 - INFO:   Initial TRE: 10.264 mm
2026-03-01 15:08:09,633 - INFO:   DINO-Reg eval (sample@fixed, compare to moving): 10.260 mm
2026-03-01 15:08:09,634 - INFO:   Axis 0: ideal mean=+0.89 std=5.68, actual mean=+0.00 std=0.08, corr=-0.002
2026-03-01 15:08:09,634 - INFO:   Axis 1: ideal mean=+0.23 std=4.25, actual mean=+0.00 std=0.07, corr=+0.007
2026-03-01 15:08:09,635 - INFO:   Axis 2: ideal mean=-3.52 std=9.91, actual mean=+0.00 std=0.09, corr=+0.065
2026-03-01 15:08:09,635 - INFO: 
Stage 5: Intensity refinement (local NCC)...
2026-03-01 15:08:11,032 - INFO: Intensity refinement: grid_spacing=3.0, iters=50, λ_smooth=5.0
2026-03-01 15:08:16,786 - INFO:   iter 10/50: loss=0.8352 (ncc=0.8352, smooth=0.0000)
2026-03-01 15:08:22,463 - INFO:   iter 20/50: loss=0.8339 (ncc=0.8338, smooth=0.0000)
2026-03-01 15:08:28,138 - INFO:   iter 30/50: loss=0.8326 (ncc=0.8325, smooth=0.0000)
2026-03-01 15:08:33,808 - INFO:   iter 40/50: loss=0.8314 (ncc=0.8312, smooth=0.0000)
2026-03-01 15:08:39,476 - INFO:   iter 50/50: loss=0.8302 (ncc=0.8299, smooth=0.0001)
2026-03-01 15:08:39,603 - INFO:   Post-NCC TRE: 10.259 mm
2026-03-01 15:08:39,603 - INFO: 
Stage 6: Evaluation...
2026-03-01 15:09:33,940 - INFO:   [viz] saved /u/almik/feb25/pipeline/detailed_logs/20260301_150233/pair_00/04_output.png
2026-03-01 15:09:34,012 - INFO: Total runtime: 361.6s
2026-03-01 15:09:34,181 - INFO: <== Finished [ run_pair ] in 416.16s
